#
# A fatal error has been detected by the Java Runtime Environment:
#
#  Internal Error (constantPoolOop.cpp:91), pid=7272, tid=2000
#  guarantee(error != (Symbol*)NULL) failed: tag mismatch with resolution error table
#
# JRE version: 7.0_21-b11
# Java VM: Java HotSpot(TM) Server VM (23.21-b01 mixed mode windows-x86 )
# Failed to write core dump. Minidumps are not enabled by default on client versions of Windows
#
# If you would like to submit a bug report, please visit:
#   http://bugreport.sun.com/bugreport/crash.jsp
#

---------------  T H R E A D  ---------------

Current thread (0x4d1bc400):  JavaThread "AWT-EventQueue-0" [_thread_in_vm, id=2000, stack(0x4dbb0000,0x4ddb0000)]

Stack: [0x4dbb0000,0x4ddb0000],  sp=0x4ddae6b8,  free space=2041k
Native frames: (J=compiled Java code, j=interpreted, Vv=VM code, C=native code)
V  [jvm.dll+0x184371]
V  [jvm.dll+0x17e4e5]
V  [jvm.dll+0x8675f]
V  [jvm.dll+0x5c426]
V  [jvm.dll+0x5c453]
j  org.lreqpcr.experiment_ui.components.RunsWithSampleProfileChildren.createNodes(Lorg/lreqpcr/core/data_objects/LreObject;)[Lorg/openide/nodes/Node;+161
j  org.lreqpcr.experiment_ui.components.RunsWithSampleProfileChildren.createNodes(Ljava/lang/Object;)[Lorg/openide/nodes/Node;+5
j  org.openide.nodes.Children$Keys$KE.nodes(Ljava/lang/Object;)Ljava/util/Collection;+8
j  org.openide.nodes.ChildrenArray.nodesFor(Lorg/openide/nodes/EntrySupportDefault$Info;Z)Ljava/util/Collection;+215
j  org.openide.nodes.EntrySupportDefault$Info.nodes(Z)Ljava/util/Collection;+45
j  org.openide.nodes.EntrySupportDefault.updateAdd(Ljava/util/Collection;Ljava/util/List;)V+65
j  org.openide.nodes.EntrySupportDefault.setEntries(Ljava/util/Collection;Z)V+377
j  org.openide.nodes.EntrySupport.setEntries(Ljava/util/Collection;)V+3
j  org.openide.nodes.Children$Keys$2.run()V+22
j  org.openide.util.Mutex.leaveImpl(Ljava/lang/Thread;)V+239
j  org.openide.util.Mutex.leave(Ljava/lang/Thread;)V+36
j  org.openide.util.Mutex.readAccess(Ljava/lang/Runnable;)V+55
j  org.openide.util.Mutex$1R.run()V+45
j  org.openide.nodes.Children$ProjectManagerDeadlockDetector.execute(Ljava/lang/Runnable;)V+60
j  org.openide.util.Mutex.doWrapperAccess(Lorg/openide/util/Mutex$ExceptionAction;Ljava/lang/Runnable;Z)Ljava/lang/Object;+52
j  org.openide.util.Mutex.readAccess(Ljava/lang/Runnable;)V+23
j  org.openide.explorer.ExplorerManager.setRootContext(Lorg/openide/nodes/Node;)V+50
j  org.lreqpcr.experiment_ui.components.ExperimentDbTree.createTree()V+385
j  org.lreqpcr.experiment_ui.components.ExperimentDbTree.repViewButtonActionPerformed(Ljava/awt/event/ActionEvent;)V+16
j  org.lreqpcr.experiment_ui.components.ExperimentDbTree.access$800(Lorg/lreqpcr/experiment_ui/components/ExperimentDbTree;Ljava/awt/event/ActionEvent;)V+2
j  org.lreqpcr.experiment_ui.components.ExperimentDbTree$4.actionPerformed(Ljava/awt/event/ActionEvent;)V+5
j  javax.swing.AbstractButton.fireActionPerformed(Ljava/awt/event/ActionEvent;)V+84
j  javax.swing.AbstractButton$Handler.actionPerformed(Ljava/awt/event/ActionEvent;)V+5
j  javax.swing.DefaultButtonModel.fireActionPerformed(Ljava/awt/event/ActionEvent;)V+35
j  javax.swing.JToggleButton$ToggleButtonModel.setPressed(Z)V+148
j  javax.swing.plaf.basic.BasicButtonListener.mouseReleased(Ljava/awt/event/MouseEvent;)V+35
j  java.awt.Component.processMouseEvent(Ljava/awt/event/MouseEvent;)V+64
j  javax.swing.JComponent.processMouseEvent(Ljava/awt/event/MouseEvent;)V+23
j  java.awt.Component.processEvent(Ljava/awt/AWTEvent;)V+81
j  java.awt.Container.processEvent(Ljava/awt/AWTEvent;)V+18
j  java.awt.Component.dispatchEventImpl(Ljava/awt/AWTEvent;)V+581
j  java.awt.Container.dispatchEventImpl(Ljava/awt/AWTEvent;)V+42

Java frames: (J=compiled Java code, j=interpreted, Vv=VM code)
j  org.lreqpcr.experiment_ui.components.RunsWithSampleProfileChildren.createNodes(Lorg/lreqpcr/core/data_objects/LreObject;)[Lorg/openide/nodes/Node;+161
j  org.lreqpcr.experiment_ui.components.RunsWithSampleProfileChildren.createNodes(Ljava/lang/Object;)[Lorg/openide/nodes/Node;+5
j  org.openide.nodes.Children$Keys$KE.nodes(Ljava/lang/Object;)Ljava/util/Collection;+8
j  org.openide.nodes.ChildrenArray.nodesFor(Lorg/openide/nodes/EntrySupportDefault$Info;Z)Ljava/util/Collection;+215
j  org.openide.nodes.EntrySupportDefault$Info.nodes(Z)Ljava/util/Collection;+45
j  org.openide.nodes.EntrySupportDefault.updateAdd(Ljava/util/Collection;Ljava/util/List;)V+65
j  org.openide.nodes.EntrySupportDefault.setEntries(Ljava/util/Collection;Z)V+377
j  org.openide.nodes.EntrySupport.setEntries(Ljava/util/Collection;)V+3
j  org.openide.nodes.Children$Keys$2.run()V+22
j  org.openide.util.Mutex.leaveImpl(Ljava/lang/Thread;)V+239
j  org.openide.util.Mutex.leave(Ljava/lang/Thread;)V+36
j  org.openide.util.Mutex.readAccess(Ljava/lang/Runnable;)V+55
j  org.openide.util.Mutex$1R.run()V+45
j  org.openide.nodes.Children$ProjectManagerDeadlockDetector.execute(Ljava/lang/Runnable;)V+60
j  org.openide.util.Mutex.doWrapperAccess(Lorg/openide/util/Mutex$ExceptionAction;Ljava/lang/Runnable;Z)Ljava/lang/Object;+52
j  org.openide.util.Mutex.readAccess(Ljava/lang/Runnable;)V+23
j  org.openide.explorer.ExplorerManager.setRootContext(Lorg/openide/nodes/Node;)V+50
j  org.lreqpcr.experiment_ui.components.ExperimentDbTree.createTree()V+385
j  org.lreqpcr.experiment_ui.components.ExperimentDbTree.repViewButtonActionPerformed(Ljava/awt/event/ActionEvent;)V+16
j  org.lreqpcr.experiment_ui.components.ExperimentDbTree.access$800(Lorg/lreqpcr/experiment_ui/components/ExperimentDbTree;Ljava/awt/event/ActionEvent;)V+2
j  org.lreqpcr.experiment_ui.components.ExperimentDbTree$4.actionPerformed(Ljava/awt/event/ActionEvent;)V+5
j  javax.swing.AbstractButton.fireActionPerformed(Ljava/awt/event/ActionEvent;)V+84
j  javax.swing.AbstractButton$Handler.actionPerformed(Ljava/awt/event/ActionEvent;)V+5
j  javax.swing.DefaultButtonModel.fireActionPerformed(Ljava/awt/event/ActionEvent;)V+35
j  javax.swing.JToggleButton$ToggleButtonModel.setPressed(Z)V+148
j  javax.swing.plaf.basic.BasicButtonListener.mouseReleased(Ljava/awt/event/MouseEvent;)V+35
j  java.awt.Component.processMouseEvent(Ljava/awt/event/MouseEvent;)V+64
j  javax.swing.JComponent.processMouseEvent(Ljava/awt/event/MouseEvent;)V+23
j  java.awt.Component.processEvent(Ljava/awt/AWTEvent;)V+81
j  java.awt.Container.processEvent(Ljava/awt/AWTEvent;)V+18
j  java.awt.Component.dispatchEventImpl(Ljava/awt/AWTEvent;)V+581
j  java.awt.Container.dispatchEventImpl(Ljava/awt/AWTEvent;)V+42
J  java.awt.LightweightDispatcher.retargetMouseEvent(Ljava/awt/Component;ILjava/awt/event/MouseEvent;)V
j  java.awt.LightweightDispatcher.processMouseEvent(Ljava/awt/event/MouseEvent;)Z+139
j  java.awt.LightweightDispatcher.dispatchEvent(Ljava/awt/AWTEvent;)Z+50
j  java.awt.Container.dispatchEventImpl(Ljava/awt/AWTEvent;)V+12
j  java.awt.Window.dispatchEventImpl(Ljava/awt/AWTEvent;)V+19
j  java.awt.Component.dispatchEvent(Ljava/awt/AWTEvent;)V+2
j  java.awt.EventQueue.dispatchEventImpl(Ljava/awt/AWTEvent;Ljava/lang/Object;)V+41
J  java.awt.EventQueue$3.run()Ljava/lang/Object;
v  ~StubRoutines::call_stub
J  java.security.AccessController.doPrivileged(Ljava/security/PrivilegedAction;Ljava/security/AccessControlContext;)Ljava/lang/Object;
J  java.security.ProtectionDomain$1.doIntersectionPrivilege(Ljava/security/PrivilegedAction;Ljava/security/AccessControlContext;Ljava/security/AccessControlContext;)Ljava/lang/Object;
j  java.security.ProtectionDomain$1.doIntersectionPrivilege(Ljava/security/PrivilegedAction;Ljava/security/AccessControlContext;)Ljava/lang/Object;+6
j  java.awt.EventQueue$4.run()Ljava/lang/Void;+11
j  java.awt.EventQueue$4.run()Ljava/lang/Object;+1
v  ~StubRoutines::call_stub
J  java.security.AccessController.doPrivileged(Ljava/security/PrivilegedAction;Ljava/security/AccessControlContext;)Ljava/lang/Object;
J  java.security.ProtectionDomain$1.doIntersectionPrivilege(Ljava/security/PrivilegedAction;Ljava/security/AccessControlContext;Ljava/security/AccessControlContext;)Ljava/lang/Object;
J  java.awt.EventDispatchThread.pumpEventsForFilter(ILjava/awt/Conditional;Ljava/awt/EventFilter;)V
j  java.awt.EventDispatchThread.pumpEventsForHierarchy(ILjava/awt/Conditional;Ljava/awt/Component;)V+11
j  java.awt.EventDispatchThread.pumpEvents(ILjava/awt/Conditional;)V+4
j  java.awt.EventDispatchThread.pumpEvents(Ljava/awt/Conditional;)V+3
j  java.awt.EventDispatchThread.run()V+9
v  ~StubRoutines::call_stub

---------------  P R O C E S S  ---------------

Java Threads: ( => current thread )
  0x0a2e0400 JavaThread "Inactive RequestProcessor thread [Was:Timeable Event Queue Watch Dog/org.netbeans.core.TimableEventQueue$1]" daemon [_thread_blocked, id=7112, stack(0x55840000,0x55a40000)]
  0x4d36b000 JavaThread "db4o WeakReference collector" daemon [_thread_blocked, id=5628, stack(0x53db0000,0x53fb0000)]
  0x4ee83c00 JavaThread "db4o WeakReference collector" daemon [_thread_blocked, id=3972, stack(0x55df0000,0x55ff0000)]
  0x4ee85400 JavaThread "db4o WeakReference collector" daemon [_thread_blocked, id=7880, stack(0x0c170000,0x0c370000)]
  0x0a2df800 JavaThread "Swing-Shell" daemon [_thread_blocked, id=6608, stack(0x50e70000,0x51070000)]
  0x4d3f0800 JavaThread "db4o WeakReference collector" daemon [_thread_blocked, id=5916, stack(0x4ffc0000,0x501c0000)]
  0x4d3ef400 JavaThread "TimerQueue" daemon [_thread_blocked, id=5944, stack(0x4eb70000,0x4ed70000)]
  0x4d3ef000 JavaThread "Thread-3" daemon [_thread_blocked, id=5296, stack(0x4e930000,0x4eb30000)]
  0x4d3ee800 JavaThread "File Watcher" daemon [_thread_blocked, id=6356, stack(0x4e3f0000,0x4e5f0000)]
  0x4d3ee400 JavaThread "D3D Screen Updater" daemon [_thread_blocked, id=5020, stack(0x02dd0000,0x02fd0000)]
  0x4d283c00 JavaThread "org.netbeans.modules.debugger.jpda.visual AWT Access Loop" daemon [_thread_blocked, id=7528, stack(0x4def0000,0x4e0f0000)]
=>0x4d1bc400 JavaThread "AWT-EventQueue-0" [_thread_in_vm, id=2000, stack(0x4dbb0000,0x4ddb0000)]
  0x0a60a000 JavaThread "AWT-Windows" daemon [_thread_in_native, id=6892, stack(0x0cd10000,0x0cf10000)]
  0x0a609800 JavaThread "AWT-Shutdown" [_thread_blocked, id=3772, stack(0x0cb10000,0x0cd10000)]
  0x0a5f8000 JavaThread "Java2D Disposer" daemon [_thread_blocked, id=4168, stack(0x0c910000,0x0cb10000)]
  0x0a495000 JavaThread "CLI Requests Server" daemon [_thread_in_native, id=4864, stack(0x0bcf0000,0x0bef0000)]
  0x0a4d1800 JavaThread "Active Reference Queue Daemon" daemon [_thread_blocked, id=7056, stack(0x0b9b0000,0x0bbb0000)]
  0x0a2bf000 JavaThread "Service Thread" daemon [_thread_blocked, id=7300, stack(0x0b430000,0x0b630000)]
  0x0a2b6000 JavaThread "C2 CompilerThread1" daemon [_thread_blocked, id=2924, stack(0x0b1f0000,0x0b3f0000)]
  0x0a2b5000 JavaThread "C2 CompilerThread0" daemon [_thread_blocked, id=5516, stack(0x0afb0000,0x0b1b0000)]
  0x0a2ad400 JavaThread "JDWP Command Reader" daemon [_thread_in_native, id=6768, stack(0x0ad70000,0x0af70000)]
  0x0a2ac800 JavaThread "JDWP Event Helper Thread" daemon [_thread_blocked, id=6108, stack(0x0ab30000,0x0ad30000)]
  0x0a2a8000 JavaThread "JDWP Transport Listener: dt_socket" daemon [_thread_blocked, id=3784, stack(0x0a8f0000,0x0aaf0000)]
  0x09a9ec00 JavaThread "Attach Listener" daemon [_thread_blocked, id=4460, stack(0x0a6a0000,0x0a8a0000)]
  0x09a95c00 JavaThread "Signal Dispatcher" daemon [_thread_blocked, id=7656, stack(0x0a0a0000,0x0a2a0000)]
  0x09a07800 JavaThread "Finalizer" daemon [_thread_blocked, id=7192, stack(0x09ea0000,0x0a0a0000)]
  0x09a02800 JavaThread "Reference Handler" daemon [_thread_blocked, id=6212, stack(0x09ca0000,0x09ea0000)]
  0x02aae400 JavaThread "main" [_thread_blocked, id=4144, stack(0x00090000,0x00290000)]

Other Threads:
  0x099fcc00 VMThread [stack: 0x09aa0000,0x09ca0000] [id=1064]
  0x0a2c5800 WatcherThread [stack: 0x0b670000,0x0b870000] [id=5004]

VM state:not at safepoint (normal execution)

VM Mutex/Monitor currently owned by a thread: None

Heap
 PSYoungGen      total 64640K, used 23992K [0x395d0000, 0x40630000, 0x4c070000)
  eden space 64320K, 36% used [0x395d0000,0x3acf23e0,0x3d4a0000)
  from space 320K, 95% used [0x401d0000,0x4021c000,0x40220000)
  to   space 2624K, 0% used [0x403a0000,0x403a0000,0x40630000)
 ParOldGen       total 38272K, used 15949K [0x14070000, 0x165d0000, 0x395d0000)
  object space 38272K, 41% used [0x14070000,0x15003638,0x165d0000)
 PSPermGen       total 29952K, used 26336K [0x10070000, 0x11db0000, 0x14070000)
  object space 29952K, 87% used [0x10070000,0x11a28060,0x11db0000)

Card table byte_map: [0x06460000,0x06650000] byte_map_base: 0x063dfc80

Polling page: 0x006e0000

Code Cache  [0x03460000, 0x03ac8000, 0x06460000)
 total_blobs=2290 nmethods=2024 adapters=223 free_code_cache=42690Kb largest_free_block=43644352

Compilation events (10 events):
Event: 3483.607 Thread 0x0a2b5000 nmethod 2154 0x037c4988 code [0x037c4a80, 0x037c4b30]
Event: 3483.608 Thread 0x0a2b5000 2155             javax.swing.text.GlyphView::getStartOffset (33 bytes)
Event: 3483.612 Thread 0x0a2b5000 nmethod 2155 0x0399c5c8 code [0x0399c700, 0x0399cc30]
Event: 3483.613 Thread 0x0a2b5000 2156             javax.swing.text.GlyphView::getEndOffset (38 bytes)
Event: 3483.616 Thread 0x0a2b6000 nmethod 2153 0x03ab46c8 code [0x03ab4900, 0x03ab5b5c]
Event: 3483.617 Thread 0x0a2b6000 2157   !         javax.swing.text.GlyphView::getText (57 bytes)
Event: 3483.617 Thread 0x0a2b5000 nmethod 2156 0x03a9b508 code [0x03a9b640, 0x03a9bb70]
Event: 3483.620 Thread 0x0a2b6000 nmethod 2157 0x0399bb88 code [0x0399bcc0, 0x0399c030]
Event: 3560.888 Thread 0x0a2b5000 2158             sun.awt.datatransfer.DataTransferer$IndexedComparator::compareIndices (48 bytes)
Event: 3560.903 Thread 0x0a2b5000 nmethod 2158 0x03ab1608 code [0x03ab1780, 0x03ab1e98]

GC Heap History (10 events):
Event: 1309.983 GC heap before
{Heap before GC invocations=65 (full 18):
 PSYoungGen      total 80064K, used 80009K [0x395d0000, 0x40ca0000, 0x4c070000)
  eden space 79488K, 100% used [0x395d0000,0x3e370000,0x3e370000)
  from space 576K, 90% used [0x40c10000,0x40c924e8,0x40ca0000)
  to   space 3456K, 0% used [0x405e0000,0x405e0000,0x40940000)
 ParOldGen       total 38272K, used 14028K [0x14070000, 0x165d0000, 0x395d0000)
  object space 38272K, 36% used [0x14070000,0x14e230f8,0x165d0000)
 PSPermGen       total 29952K, used 26263K [0x10070000, 0x11db0000, 0x14070000)
  object space 29952K, 87% used [0x10070000,0x11a15e88,0x11db0000)
Event: 1309.985 GC heap after
Heap after GC invocations=65 (full 18):
 PSYoungGen      total 76416K, used 256K [0x395d0000, 0x40c20000, 0x4c070000)
  eden space 76160K, 0% used [0x395d0000,0x395d0000,0x3e030000)
  from space 256K, 100% used [0x405e0000,0x40620000,0x40620000)
  to   space 3328K, 0% used [0x408e0000,0x408e0000,0x40c20000)
 ParOldGen       total 38272K, used 14357K [0x14070000, 0x165d0000, 0x395d0000)
  object space 38272K, 37% used [0x14070000,0x14e75600,0x165d0000)
 PSPermGen       total 29952K, used 26263K [0x10070000, 0x11db0000, 0x14070000)
  object space 29952K, 87% used [0x10070000,0x11a15e88,0x11db0000)
}
Event: 1430.679 GC heap before
{Heap before GC invocations=66 (full 18):
 PSYoungGen      total 76416K, used 76416K [0x395d0000, 0x40c20000, 0x4c070000)
  eden space 76160K, 100% used [0x395d0000,0x3e030000,0x3e030000)
  from space 256K, 100% used [0x405e0000,0x40620000,0x40620000)
  to   space 3328K, 0% used [0x408e0000,0x408e0000,0x40c20000)
 ParOldGen       total 38272K, used 14357K [0x14070000, 0x165d0000, 0x395d0000)
  object space 38272K, 37% used [0x14070000,0x14e75600,0x165d0000)
 PSPermGen       total 29952K, used 26270K [0x10070000, 0x11db0000, 0x14070000)
  object space 29952K, 87% used [0x10070000,0x11a17b28,0x11db0000)
Event: 1430.687 GC heap after
Heap after GC invocations=66 (full 18):
 PSYoungGen      total 73728K, used 735K [0x395d0000, 0x409a0000, 0x4c070000)
  eden space 72960K, 0% used [0x395d0000,0x395d0000,0x3dd10000)
  from space 768K, 95% used [0x408e0000,0x40997eb0,0x409a0000)
  to   space 3072K, 0% used [0x403a0000,0x403a0000,0x406a0000)
 ParOldGen       total 38272K, used 14557K [0x14070000, 0x165d0000, 0x395d0000)
  object space 38272K, 38% used [0x14070000,0x14ea7600,0x165d0000)
 PSPermGen       total 29952K, used 26270K [0x10070000, 0x11db0000, 0x14070000)
  object space 29952K, 87% used [0x10070000,0x11a17b28,0x11db0000)
}
Event: 1455.042 GC heap before
{Heap before GC invocations=67 (full 18):
 PSYoungGen      total 73728K, used 73695K [0x395d0000, 0x409a0000, 0x4c070000)
  eden space 72960K, 100% used [0x395d0000,0x3dd10000,0x3dd10000)
  from space 768K, 95% used [0x408e0000,0x40997eb0,0x409a0000)
  to   space 3072K, 0% used [0x403a0000,0x403a0000,0x406a0000)
 ParOldGen       total 38272K, used 14557K [0x14070000, 0x165d0000, 0x395d0000)
  object space 38272K, 38% used [0x14070000,0x14ea7600,0x165d0000)
 PSPermGen       total 29952K, used 26283K [0x10070000, 0x11db0000, 0x14070000)
  object space 29952K, 87% used [0x10070000,0x11a1ae10,0x11db0000)
Event: 1455.050 GC heap after
Heap after GC invocations=67 (full 18):
 PSYoungGen      total 70720K, used 713K [0x395d0000, 0x408f0000, 0x4c070000)
  eden space 69952K, 0% used [0x395d0000,0x395d0000,0x3da20000)
  from space 768K, 92% used [0x403a0000,0x40452430,0x40460000)
  to   space 2880K, 0% used [0x40620000,0x40620000,0x408f0000)
 ParOldGen       total 38272K, used 14887K [0x14070000, 0x165d0000, 0x395d0000)
  object space 38272K, 38% used [0x14070000,0x14ef9f08,0x165d0000)
 PSPermGen       total 29952K, used 26283K [0x10070000, 0x11db0000, 0x14070000)
  object space 29952K, 87% used [0x10070000,0x11a1ae10,0x11db0000)
}
Event: 3394.946 GC heap before
{Heap before GC invocations=68 (full 18):
 PSYoungGen      total 70720K, used 70665K [0x395d0000, 0x408f0000, 0x4c070000)
  eden space 69952K, 100% used [0x395d0000,0x3da20000,0x3da20000)
  from space 768K, 92% used [0x403a0000,0x40452430,0x40460000)
  to   space 2880K, 0% used [0x40620000,0x40620000,0x408f0000)
 ParOldGen       total 38272K, used 14887K [0x14070000, 0x165d0000, 0x395d0000)
  object space 38272K, 38% used [0x14070000,0x14ef9f08,0x165d0000)
 PSPermGen       total 29952K, used 26317K [0x10070000, 0x11db0000, 0x14070000)
  object space 29952K, 87% used [0x10070000,0x11a237e0,0x11db0000)
Event: 3394.949 GC heap after
Heap after GC invocations=68 (full 18):
 PSYoungGen      total 68160K, used 1034K [0x395d0000, 0x40730000, 0x4c070000)
  eden space 67072K, 0% used [0x395d0000,0x395d0000,0x3d750000)
  from space 1088K, 95% used [0x40620000,0x40722a88,0x40730000)
  to   space 2752K, 0% used [0x401d0000,0x401d0000,0x40480000)
 ParOldGen       total 38272K, used 14959K [0x14070000, 0x165d0000, 0x395d0000)
  object space 38272K, 39% used [0x14070000,0x14f0bf08,0x165d0000)
 PSPermGen       total 29952K, used 26317K [0x10070000, 0x11db0000, 0x14070000)
  object space 29952K, 87% used [0x10070000,0x11a237e0,0x11db0000)
}
Event: 3423.935 GC heap before
{Heap before GC invocations=69 (full 18):
 PSYoungGen      total 68160K, used 68106K [0x395d0000, 0x40730000, 0x4c070000)
  eden space 67072K, 100% used [0x395d0000,0x3d750000,0x3d750000)
  from space 1088K, 95% used [0x40620000,0x40722a88,0x40730000)
  to   space 2752K, 0% used [0x401d0000,0x401d0000,0x40480000)
 ParOldGen       total 38272K, used 14959K [0x14070000, 0x165d0000, 0x395d0000)
  object space 38272K, 39% used [0x14070000,0x14f0bf08,0x165d0000)
 PSPermGen       total 29952K, used 26321K [0x10070000, 0x11db0000, 0x14070000)
  object space 29952K, 87% used [0x10070000,0x11a246f8,0x11db0000)
Event: 3423.938 GC heap after
Heap after GC invocations=69 (full 18):
 PSYoungGen      total 64640K, used 304K [0x395d0000, 0x40630000, 0x4c070000)
  eden space 64320K, 0% used [0x395d0000,0x395d0000,0x3d4a0000)
  from space 320K, 95% used [0x401d0000,0x4021c000,0x40220000)
  to   space 2624K, 0% used [0x403a0000,0x403a0000,0x40630000)
 ParOldGen       total 38272K, used 15949K [0x14070000, 0x165d0000, 0x395d0000)
  object space 38272K, 41% used [0x14070000,0x15003638,0x165d0000)
 PSPermGen       total 29952K, used 26321K [0x10070000, 0x11db0000, 0x14070000)
  object space 29952K, 87% used [0x10070000,0x11a246f8,0x11db0000)
}

Deoptimization events (10 events):
Event: 1600.819 Thread 0x4d1bc400 Uncommon trap -83 fr.pc 0x03783544
Event: 3383.527 Thread 0x4d1bc400 Uncommon trap -58 fr.pc 0x03716b80
Event: 3385.102 Thread 0x4d1bc400 Uncommon trap -58 fr.pc 0x03a52798
Event: 3394.855 Thread 0x4d1bc400 Uncommon trap -12 fr.pc 0x039b24f8
Event: 3423.909 Thread 0x4d1bc400 Uncommon trap -58 fr.pc 0x03716b80
Event: 3483.527 Thread 0x4d1bc400 Uncommon trap -83 fr.pc 0x03629478
Event: 3483.562 Thread 0x4d1bc400 Uncommon trap -58 fr.pc 0x03716b80
Event: 3560.884 Thread 0x4d1bc400 Uncommon trap -58 fr.pc 0x03a52798
Event: 3560.899 Thread 0x4d1bc400 Uncommon trap -58 fr.pc 0x03a52798
Event: 3560.955 Thread 0x4d1bc400 Uncommon trap -58 fr.pc 0x03a52798

Internal exceptions (10 events):
Event: 3383.469 Thread 0x4d1bc400 Threw 0x3bcc6ef0 at C:\jdk7u2_32P\jdk7u21\hotspot\src\share\vm\prims\jvm.cpp:1166
Event: 3383.469 Thread 0x4d1bc400 Threw 0x3bcca068 at C:\jdk7u2_32P\jdk7u21\hotspot\src\share\vm\prims\jvm.cpp:1166
Event: 3383.469 Thread 0x4d1bc400 Threw 0x3bccd9c8 at C:\jdk7u2_32P\jdk7u21\hotspot\src\share\vm\classfile\systemDictionary.cpp:168
Event: 3383.469 Thread 0x4d1bc400 Threw 0x3bcce7d0 at C:\jdk7u2_32P\jdk7u21\hotspot\src\share\vm\prims\jvm.cpp:1166
Event: 3383.470 Thread 0x4d1bc400 Threw 0x3bcd2b88 at C:\jdk7u2_32P\jdk7u21\hotspot\src\share\vm\prims\jvm.cpp:1166
Event: 3383.470 Thread 0x4d1bc400 Threw 0x3bcd7490 at C:\jdk7u2_32P\jdk7u21\hotspot\src\share\vm\prims\jvm.cpp:1166
Event: 3383.471 Thread 0x4d1bc400 Threw 0x3bcdbfa8 at C:\jdk7u2_32P\jdk7u21\hotspot\src\share\vm\prims\jvm.cpp:1166
Event: 3394.855 Thread 0x4d1bc400 Implicit null exception at 0x039b2400 to 0x039b24e8
Event: 3423.843 Thread 0x4d1bc400 Threw 0x3cb14218 at C:\jdk7u2_32P\jdk7u21\hotspot\src\share\vm\oops\constantPoolOop.cpp:95
Event: 3483.492 Thread 0x4d1bc400 Threw 0x39b4eaf0 at C:\jdk7u2_32P\jdk7u21\hotspot\src\share\vm\oops\constantPoolOop.cpp:95

Events (10 events):
Event: 3562.650 Executing VM operation: GetOrSetLocal done
Event: 3562.650 Executing VM operation: GetOrSetLocal
Event: 3562.650 Executing VM operation: GetOrSetLocal done
Event: 3562.651 Executing VM operation: GetOrSetLocal
Event: 3562.651 Executing VM operation: GetOrSetLocal done
Event: 3562.651 Executing VM operation: GetOrSetLocal
Event: 3562.651 Executing VM operation: GetOrSetLocal done
Event: 3562.651 Executing VM operation: GetOrSetLocal
Event: 3562.651 Executing VM operation: GetOrSetLocal done
Event: 3565.458 Thread 0x4ee92800 Thread exited: 0x4ee92800


Dynamic libraries:
0x00400000 - 0x0042f000 	C:\Program Files\NetBeans 7.3\platform\lib\nbexec.exe
0x77d70000 - 0x77ef0000 	C:\windows\SysWOW64\ntdll.dll
0x76010000 - 0x76120000 	C:\windows\syswow64\kernel32.dll
0x76cb0000 - 0x76cf7000 	C:\windows\syswow64\KERNELBASE.dll
0x767e0000 - 0x76880000 	C:\windows\syswow64\ADVAPI32.DLL
0x76c00000 - 0x76cac000 	C:\windows\syswow64\msvcrt.dll
0x76980000 - 0x76999000 	C:\windows\SysWOW64\sechost.dll
0x75bb0000 - 0x75ca0000 	C:\windows\syswow64\RPCRT4.dll
0x758d0000 - 0x75930000 	C:\windows\syswow64\SspiCli.dll
0x758c0000 - 0x758cc000 	C:\windows\syswow64\CRYPTBASE.dll
0x769e0000 - 0x76ae0000 	C:\windows\syswow64\USER32.dll
0x764f0000 - 0x76580000 	C:\windows\syswow64\GDI32.dll
0x75fa0000 - 0x75faa000 	C:\windows\syswow64\LPK.dll
0x75930000 - 0x759cd000 	C:\windows\syswow64\USP10.dll
0x76580000 - 0x765e0000 	C:\windows\system32\IMM32.DLL
0x75cc0000 - 0x75d8c000 	C:\windows\syswow64\MSCTF.dll
0x72500000 - 0x7259f000 	C:\Program Files (x86)\Print Audit Inc\Print Audit 6\Client\pa6wtrak.dll
0x74780000 - 0x747d1000 	C:\windows\system32\WINSPOOL.DRV
0x76ae0000 - 0x76b6f000 	C:\windows\syswow64\OLEAUT32.dll
0x759d0000 - 0x75b2c000 	C:\windows\syswow64\ole32.dll
0x10000000 - 0x10065000 	C:\Program Files\NetBeans 7.3\platform\lib\nbexec.dll
0x02550000 - 0x02a86000 	C:\Program Files (x86)\Java\jdk1.7.0_21\jre\bin\server\jvm.dll
0x74980000 - 0x74987000 	C:\windows\system32\WSOCK32.dll
0x769a0000 - 0x769d5000 	C:\windows\syswow64\WS2_32.dll
0x77d40000 - 0x77d46000 	C:\windows\syswow64\NSI.dll
0x746f0000 - 0x74722000 	C:\windows\system32\WINMM.dll
0x75ca0000 - 0x75ca5000 	C:\windows\syswow64\PSAPI.DLL
0x6e280000 - 0x6e33e000 	C:\Program Files (x86)\Java\jdk1.7.0_21\jre\bin\MSVCR100.dll
0x73720000 - 0x73755000 	C:\Program Files (x86)\Java\jdk1.7.0_21\jre\bin\splashscreen.dll
0x756c0000 - 0x756cc000 	C:\Program Files (x86)\Java\jdk1.7.0_21\jre\bin\verify.dll
0x73ad0000 - 0x73b50000 	C:\windows\system32\uxtheme.dll
0x742f0000 - 0x74310000 	C:\Program Files (x86)\Java\jdk1.7.0_21\jre\bin\java.dll
0x004f0000 - 0x004ff000 	C:\Program Files (x86)\Print Audit Inc\Print Audit 6\Client\pa6hook.dll
0x6eea0000 - 0x6eeca000 	C:\Program Files (x86)\Java\jdk1.7.0_21\jre\bin\jdwp.dll
0x73710000 - 0x73717000 	C:\Program Files (x86)\Java\jdk1.7.0_21\jre\bin\npt.dll
0x74250000 - 0x74263000 	C:\Program Files (x86)\Java\jdk1.7.0_21\jre\bin\zip.dll
0x73620000 - 0x73628000 	C:\Program Files (x86)\Java\jdk1.7.0_21\jre\bin\dt_socket.dll
0x75280000 - 0x752bc000 	C:\windows\system32\mswsock.dll
0x75270000 - 0x75275000 	C:\windows\System32\wshtcpip.dll
0x74230000 - 0x74244000 	C:\Program Files (x86)\Java\jdk1.7.0_21\jre\bin\net.dll
0x74050000 - 0x74056000 	C:\windows\System32\wship6.dll
0x74200000 - 0x7420e000 	C:\Program Files (x86)\Java\jdk1.7.0_21\jre\bin\nio.dll
0x753e0000 - 0x753fc000 	C:\windows\system32\IPHLPAPI.DLL
0x753d0000 - 0x753d7000 	C:\windows\system32\WINNSI.DLL
0x71ee0000 - 0x71eed000 	C:\windows\system32\dhcpcsvc6.DLL
0x74810000 - 0x74822000 	C:\windows\system32\dhcpcsvc.DLL
0x74c90000 - 0x74ca6000 	C:\windows\system32\CRYPTSP.dll
0x749a0000 - 0x749db000 	C:\windows\system32\rsaenh.dll
0x74a00000 - 0x74a17000 	C:\windows\system32\USERENV.dll
0x749f0000 - 0x749fb000 	C:\windows\system32\profapi.dll
0x75260000 - 0x75270000 	C:\windows\system32\NLAapi.dll
0x75250000 - 0x75260000 	C:\windows\system32\napinsp.dll
0x748d0000 - 0x748e2000 	C:\windows\system32\pnrpnsp.dll
0x74880000 - 0x748c4000 	C:\windows\system32\DNSAPI.dll
0x75240000 - 0x75248000 	C:\windows\System32\winrnr.dll
0x02da0000 - 0x02db9000 	C:\Applied Biosystems\StepOne Software v2.2.2\bonjour\mdnsNSP.dll
0x74830000 - 0x74836000 	C:\windows\system32\rasadhlp.dll
0x74840000 - 0x74878000 	C:\windows\System32\fwpuclnt.dll
0x68b30000 - 0x68c72000 	C:\Program Files (x86)\Java\jdk1.7.0_21\jre\bin\awt.dll
0x74640000 - 0x74653000 	C:\windows\system32\DWMAPI.DLL
0x74fb0000 - 0x7514e000 	C:\windows\WinSxS\x86_microsoft.windows.common-controls_6595b64144ccf1df_6.0.7601.17514_none_41e6975e2bd6f2b2\COMCTL32.dll
0x75fb0000 - 0x76007000 	C:\windows\syswow64\SHLWAPI.dll
0x677e0000 - 0x679a3000 	C:\windows\system32\d3d9.dll
0x75230000 - 0x75239000 	C:\windows\system32\VERSION.dll
0x70ee0000 - 0x70ee6000 	C:\windows\system32\d3d8thk.dll
0x6f150000 - 0x6f1d2000 	C:\windows\system32\aticfx32.dll
0x70f50000 - 0x70f59000 	C:\windows\system32\atiu9pag.dll
0x65970000 - 0x65d42000 	C:\windows\system32\atiumdag.dll
0x66df0000 - 0x670f2000 	C:\windows\system32\atiumdva.dll
0x71360000 - 0x71391000 	C:\Program Files (x86)\Java\jdk1.7.0_21\jre\bin\fontmanager.dll
0x4e330000 - 0x4e3a2000 	C:\Program Files\NetBeans 7.3\platform\modules\lib\x86\jnidispatch-340.dll
0x76d00000 - 0x7794a000 	C:\windows\syswow64\SHELL32.dll
0x71630000 - 0x71660000 	C:\Program Files (x86)\Java\jdk1.7.0_21\jre\bin\t2k.dll
0x743e0000 - 0x74464000 	C:\windows\WinSxS\x86_microsoft.windows.common-controls_6595b64144ccf1df_5.82.7601.17514_none_ec83dffa859149af\comctl32.dll
0x75ec0000 - 0x75f43000 	C:\windows\syswow64\CLBCatQ.DLL
0x6bb20000 - 0x6bc50000 	C:\windows\system32\WindowsCodecs.dll
0x752c0000 - 0x7530c000 	C:\windows\system32\apphelp.dll
0x70f00000 - 0x70f12000 	C:\Program Files (x86)\Common Files\TortoiseOverlays\TortoiseOverlays.dll
0x70ef0000 - 0x70efd000 	C:\Program Files\TortoiseSVN\bin\TortoiseStub32.dll
0x6b3b0000 - 0x6b41c000 	C:\Program Files\TortoiseSVN\bin\TortoiseSVN32.dll
0x76880000 - 0x76975000 	C:\windows\syswow64\WININET.dll
0x76120000 - 0x76257000 	C:\windows\syswow64\urlmon.dll
0x75da0000 - 0x75ec0000 	C:\windows\syswow64\CRYPT32.dll
0x75d90000 - 0x75d9c000 	C:\windows\syswow64\MSASN1.dll
0x765e0000 - 0x767df000 	C:\windows\syswow64\iertutil.dll
0x67c10000 - 0x67f05000 	C:\Program Files\TortoiseSVN\bin\libsvn_tsvn32.dll
0x6b890000 - 0x6b8b4000 	C:\Program Files\TortoiseSVN\bin\libapr_tsvn32.dll
0x68170000 - 0x681a6000 	C:\Program Files\TortoiseSVN\bin\libaprutil_tsvn32.dll
0x75f50000 - 0x75f95000 	C:\windows\syswow64\WLDAP32.dll
0x6b3a0000 - 0x6b3ad000 	C:\Program Files\TortoiseSVN\bin\intl3_tsvn32.dll
0x6b380000 - 0x6b393000 	C:\Program Files\TortoiseSVN\bin\libsasl32.dll
0x749e0000 - 0x749e8000 	C:\windows\system32\Secur32.dll
0x6b420000 - 0x6b489000 	C:\windows\system32\MSVCP100.dll
0x680f0000 - 0x68121000 	C:\windows\system32\EhStorShell.dll
0x76290000 - 0x7642d000 	C:\windows\syswow64\SETUPAPI.dll
0x76430000 - 0x76457000 	C:\windows\syswow64\CFGMGR32.dll
0x77950000 - 0x77962000 	C:\windows\syswow64\DEVOBJ.dll
0x73f40000 - 0x74035000 	C:\windows\system32\PROPSYS.dll
0x67ba0000 - 0x67c10000 	C:\windows\system32\ntshrui.dll
0x74cf0000 - 0x74d09000 	C:\windows\system32\srvcli.dll
0x74800000 - 0x7480b000 	C:\windows\system32\cscapi.dll
0x68160000 - 0x6816a000 	C:\windows\system32\slc.dll
0x741f0000 - 0x741fa000 	C:\Program Files (x86)\Java\jdk1.7.0_21\jre\bin\management.dll
0x73310000 - 0x73334000 	C:\Program Files (x86)\Java\jdk1.7.0_21\jre\bin\dcpr.dll
0x743a0000 - 0x743c1000 	C:\windows\system32\ntmarta.dll
0x69a80000 - 0x69c18000 	C:\windows\system32\NetworkExplorer.dll
0x71200000 - 0x7122f000 	C:\windows\System32\shdocvw.dll
0x747e0000 - 0x747f2000 	C:\windows\system32\MPR.dll
0x73590000 - 0x73598000 	C:\windows\System32\drprov.dll
0x74730000 - 0x74759000 	C:\windows\System32\WINSTA.dll
0x714e0000 - 0x714f4000 	C:\windows\System32\ntlanman.dll
0x714c0000 - 0x714d7000 	C:\windows\System32\davclnt.dll
0x714b0000 - 0x714b8000 	C:\windows\System32\DAVHLPR.dll
0x74ce0000 - 0x74cef000 	C:\windows\system32\wkscli.dll
0x74d10000 - 0x74d19000 	C:\windows\system32\netutils.dll
0x69600000 - 0x69838000 	C:\windows\system32\wpdshext.dll
0x6b700000 - 0x6b890000 	C:\windows\WinSxS\x86_microsoft.windows.gdiplus_6595b64144ccf1df_1.1.7601.18120_none_72d2e82386681b36\gdiplus.dll
0x69d30000 - 0x69db9000 	C:\windows\system32\PortableDeviceApi.dll
0x76260000 - 0x7628e000 	C:\windows\syswow64\WINTRUST.dll
0x6e1b0000 - 0x6e1ef000 	C:\windows\system32\audiodev.dll
0x60260000 - 0x604c7000 	C:\windows\system32\WMVCore.DLL
0x61880000 - 0x618bd000 	C:\windows\system32\WMASF.DLL
0x71480000 - 0x714a2000 	C:\windows\system32\EhStorAPI.dll
0x67640000 - 0x67649000 	C:\windows\system32\LINKINFO.dll
0x74990000 - 0x7499e000 	C:\windows\system32\RpcRtRemote.dll
0x6f460000 - 0x6f54b000 	C:\windows\system32\dbghelp.dll

VM Arguments:
jvm_args: -Dnetbeans.logger.console=true -ea -Xdebug -Xrunjdwp:transport=dt_socket,suspend=y,server=n,address=127.0.0.1:58501 -Djdk.home=C:\Program Files (x86)\Java\jdk1.7.0_21 -splash:Z:\Bob\NetBeans Projects\ lreqpcr\build\testuserdir\var\cache\splash.png -Dnetbeans.home=C:\Program Files\NetBeans 7.3\platform -Dnetbeans.user=Z:\Bob\NetBeans Projects\ lreqpcr\build\testuserdir -Dnetbeans.default_userdir_root= -XX:+HeapDumpOnOutOfMemoryError -XX:HeapDumpPath=Z:\Bob\NetBeans Projects\ lreqpcr\build\testuserdir\var\log\heapdump.hprof -Dnetbeans.system_http_proxy=DIRECT -Dsun.awt.keepWorkingSetOnMinimize=true -Dnetbeans.dirs=Z:\Bob\NetBeans Projects\ lreqpcr\build\cluster;C:\Program Files\NetBeans 7.3\platform exit 
java_command: <unknown>
Launcher Type: generic

Environment Variables:
CLASSPATH=C:\Applied Biosystems\StepOne Software v2.2.2\eclipse\startup.jar;C:\Applied Biosystems\7500\eclipse\startup.jar
PATH=C:\Applied Biosystems\StepOne Software v2.2.2\bin;C:\Applied Biosystems\StepOne Software v2.2.2\eclipse;C:\Applied Biosystems\StepOne Software v2.2.2\eclipse\plugins\com.apldbio.sds.experiment.genotyping_2.1.0\bin;C:\Applied Biosystems\StepOne Software v2.2.2\eclipse\plugins\com.apldbio.sds.experiment.genotyping_2.1.0\bin\bin\win32;C:\Applied Biosystems\7500\bin;C:\Applied Biosystems\7500\eclipse;C:\Applied Biosystems\7500\eclipse\plugins\com.apldbio.sds.experiment.genotyping_1.0.0\bin;C:\Applied Biosystems\7500\eclipse\plugins\com.apldbio.sds.experiment.genotyping_1.0.0\bin\bin\win32;C:\windows\system32;C:\windows;C:\windows\System32\Wbem;C:\windows\System32\WindowsPowerShell\v1.0\;C:\AppliedBiosystems\SDS2.3\lib\algorithm\bin\win32;C:\AppliedBiosystems\SDS2.3\lib;C:\Program Files\TortoiseSVN\bin
USERNAME=brutledg
OS=Windows_NT
PROCESSOR_IDENTIFIER=AMD64 Family 16 Model 4 Stepping 3, AuthenticAMD



---------------  S Y S T E M  ---------------

OS: Windows 7 , 64 bit Build 7601 Service Pack 1

CPU:total 4 (4 cores per cpu, 1 threads per core) family 16 model 4 stepping 3, cmov, cx8, fxsr, mmx, sse, sse2, sse3, popcnt, mmxext, 3dnowpref, lzcnt, sse4a, tsc, tscinvbit, tscinv

Memory: 4k page, physical 3669392k(847076k free), swap 7336924k(2807724k free)

vm_info: Java HotSpot(TM) Server VM (23.21-b01) for windows-x86 JRE (1.7.0_21-b11), built on Apr  4 2013 04:40:00 by "java_re" with unknown MS VC++:1600

time: Tue Oct 08 14:59:07 2013
elapsed time: 3565 seconds

