#
# A fatal error has been detected by the Java Runtime Environment:
#
#  Internal Error (constantPoolOop.cpp:90), pid=3352, tid=1616
#  guarantee(error != (symbolOop)NULL) failed: tag mismatch with resolution error table
#
# JRE version: 6.0_33-b03
# Java VM: Java HotSpot(TM) Server VM (20.8-b03 mixed mode windows-x86 )
# If you would like to submit a bug report, please visit:
#   http://java.sun.com/webapps/bugreport/crash.jsp
#

---------------  T H R E A D  ---------------

Current thread (0x083f6400):  JavaThread "AWT-EventQueue-1" [_thread_in_vm, id=1616, stack(0x09200000,0x09400000)]

Stack: [0x09200000,0x09400000],  sp=0x093feab0,  free space=2042k
Native frames: (J=compiled Java code, j=interpreted, Vv=VM code, C=native code)
V  [jvm.dll+0x14861a]
V  [jvm.dll+0x14353c]
V  [jvm.dll+0x7ad65]
V  [jvm.dll+0x7b5da]
V  [jvm.dll+0x57b18]
V  [jvm.dll+0x587b7]
V  [jvm.dll+0x589b0]
V  [jvm.dll+0x553d1]
j  org.lreqpcr.calibration_ui.CalibrationTopComponent.openDBbuttonActionPerformed(Ljava/awt/event/ActionEvent;)V+3
j  org.lreqpcr.calibration_ui.CalibrationTopComponent.access$000(Lorg/lreqpcr/calibration_ui/CalibrationTopComponent;Ljava/awt/event/ActionEvent;)V+2
j  org.lreqpcr.calibration_ui.CalibrationTopComponent$1.actionPerformed(Ljava/awt/event/ActionEvent;)V+5
j  javax.swing.AbstractButton.fireActionPerformed(Ljava/awt/event/ActionEvent;)V+84
j  javax.swing.AbstractButton$Handler.actionPerformed(Ljava/awt/event/ActionEvent;)V+5
j  javax.swing.DefaultButtonModel.fireActionPerformed(Ljava/awt/event/ActionEvent;)V+35
j  javax.swing.DefaultButtonModel.setPressed(Z)V+117
j  javax.swing.plaf.basic.BasicButtonListener.mouseReleased(Ljava/awt/event/MouseEvent;)V+35
j  java.awt.AWTEventMulticaster.mouseReleased(Ljava/awt/event/MouseEvent;)V+8
j  java.awt.Component.processMouseEvent(Ljava/awt/event/MouseEvent;)V+64
j  javax.swing.JComponent.processMouseEvent(Ljava/awt/event/MouseEvent;)V+23
j  java.awt.Component.processEvent(Ljava/awt/AWTEvent;)V+81
j  java.awt.Container.processEvent(Ljava/awt/AWTEvent;)V+18
j  java.awt.Component.dispatchEventImpl(Ljava/awt/AWTEvent;)V+573
j  java.awt.Container.dispatchEventImpl(Ljava/awt/AWTEvent;)V+42
j  java.awt.Component.dispatchEvent(Ljava/awt/AWTEvent;)V+2
j  java.awt.LightweightDispatcher.retargetMouseEvent(Ljava/awt/Component;ILjava/awt/event/MouseEvent;)V+320
j  java.awt.LightweightDispatcher.processMouseEvent(Ljava/awt/event/MouseEvent;)Z+139
j  java.awt.LightweightDispatcher.dispatchEvent(Ljava/awt/AWTEvent;)Z+50
j  java.awt.Container.dispatchEventImpl(Ljava/awt/AWTEvent;)V+12
j  java.awt.Window.dispatchEventImpl(Ljava/awt/AWTEvent;)V+65
j  java.awt.Component.dispatchEvent(Ljava/awt/AWTEvent;)V+2
j  java.awt.EventQueue.dispatchEventImpl(Ljava/awt/AWTEvent;Ljava/lang/Object;)V+41
j  java.awt.EventQueue.access$000(Ljava/awt/EventQueue;Ljava/awt/AWTEvent;Ljava/lang/Object;)V+3
j  java.awt.EventQueue$1.run()Ljava/lang/Void;+12
j  java.awt.EventQueue$1.run()Ljava/lang/Object;+1
v  ~StubRoutines::call_stub
V  [jvm.dll+0x10e41d]
V  [jvm.dll+0x1a5811]
V  [jvm.dll+0x10e4ad]
V  [jvm.dll+0xc6924]
C  [java.dll+0x102f]  Java_java_security_AccessController_doPrivileged__Ljava_security_PrivilegedAction_2Ljava_security_AccessControlContext_2+0x17
j  java.security.AccessControlContext$1.doIntersectionPrivilege(Ljava/security/PrivilegedAction;Ljava/security/AccessControlContext;Ljava/security/AccessControlContext;)Ljava/lang/Object;+28
j  java.security.AccessControlContext$1.doIntersectionPrivilege(Ljava/security/PrivilegedAction;Ljava/security/AccessControlContext;)Ljava/lang/Object;+6
j  java.awt.EventQueue$2.run()Ljava/lang/Void;+11
j  java.awt.EventQueue$2.run()Ljava/lang/Object;+1
v  ~StubRoutines::call_stub
V  [jvm.dll+0x10e41d]
V  [jvm.dll+0x1a5811]
V  [jvm.dll+0x10e4ad]
V  [jvm.dll+0xc6924]
C  [java.dll+0x102f]  Java_java_security_AccessController_doPrivileged__Ljava_security_PrivilegedAction_2Ljava_security_AccessControlContext_2+0x17
j  java.security.AccessControlContext$1.doIntersectionPrivilege(Ljava/security/PrivilegedAction;Ljava/security/AccessControlContext;Ljava/security/AccessControlContext;)Ljava/lang/Object;+28
j  java.awt.EventQueue.dispatchEvent(Ljava/awt/AWTEvent;)V+73
j  org.netbeans.core.TimableEventQueue.dispatchEvent(Ljava/awt/AWTEvent;)V+17
j  java.awt.EventDispatchThread.pumpOneEventForFilters(I)Z+204
j  java.awt.EventDispatchThread.pumpEventsForFilter(ILjava/awt/Conditional;Ljava/awt/EventFilter;)V+30
j  java.awt.EventDispatchThread.pumpEventsForHierarchy(ILjava/awt/Conditional;Ljava/awt/Component;)V+11
j  java.awt.EventDispatchThread.pumpEvents(ILjava/awt/Conditional;)V+4
j  java.awt.EventDispatchThread.pumpEvents(Ljava/awt/Conditional;)V+3
j  java.awt.EventDispatchThread.run()V+9
v  ~StubRoutines::call_stub
V  [jvm.dll+0x10e41d]
V  [jvm.dll+0x1a5811]
V  [jvm.dll+0x10e5d1]
V  [jvm.dll+0x10e62b]
V  [jvm.dll+0xc0839]
V  [jvm.dll+0x12de04]
V  [jvm.dll+0x1560dc]
C  [MSVCR71.dll+0x9565]  endthreadex+0xa0
C  [kernel32.dll+0xb729]  GetModuleFileNameA+0x1ba

Java frames: (J=compiled Java code, j=interpreted, Vv=VM code)
j  org.lreqpcr.calibration_ui.CalibrationTopComponent.openDBbuttonActionPerformed(Ljava/awt/event/ActionEvent;)V+3
j  org.lreqpcr.calibration_ui.CalibrationTopComponent.access$000(Lorg/lreqpcr/calibration_ui/CalibrationTopComponent;Ljava/awt/event/ActionEvent;)V+2
j  org.lreqpcr.calibration_ui.CalibrationTopComponent$1.actionPerformed(Ljava/awt/event/ActionEvent;)V+5
j  javax.swing.AbstractButton.fireActionPerformed(Ljava/awt/event/ActionEvent;)V+84
j  javax.swing.AbstractButton$Handler.actionPerformed(Ljava/awt/event/ActionEvent;)V+5
j  javax.swing.DefaultButtonModel.fireActionPerformed(Ljava/awt/event/ActionEvent;)V+35
j  javax.swing.DefaultButtonModel.setPressed(Z)V+117
j  javax.swing.plaf.basic.BasicButtonListener.mouseReleased(Ljava/awt/event/MouseEvent;)V+35
j  java.awt.AWTEventMulticaster.mouseReleased(Ljava/awt/event/MouseEvent;)V+8
j  java.awt.Component.processMouseEvent(Ljava/awt/event/MouseEvent;)V+64
j  javax.swing.JComponent.processMouseEvent(Ljava/awt/event/MouseEvent;)V+23
j  java.awt.Component.processEvent(Ljava/awt/AWTEvent;)V+81
j  java.awt.Container.processEvent(Ljava/awt/AWTEvent;)V+18
j  java.awt.Component.dispatchEventImpl(Ljava/awt/AWTEvent;)V+573
j  java.awt.Container.dispatchEventImpl(Ljava/awt/AWTEvent;)V+42
j  java.awt.Component.dispatchEvent(Ljava/awt/AWTEvent;)V+2
j  java.awt.LightweightDispatcher.retargetMouseEvent(Ljava/awt/Component;ILjava/awt/event/MouseEvent;)V+320
j  java.awt.LightweightDispatcher.processMouseEvent(Ljava/awt/event/MouseEvent;)Z+139
j  java.awt.LightweightDispatcher.dispatchEvent(Ljava/awt/AWTEvent;)Z+50
j  java.awt.Container.dispatchEventImpl(Ljava/awt/AWTEvent;)V+12
j  java.awt.Window.dispatchEventImpl(Ljava/awt/AWTEvent;)V+65
j  java.awt.Component.dispatchEvent(Ljava/awt/AWTEvent;)V+2
j  java.awt.EventQueue.dispatchEventImpl(Ljava/awt/AWTEvent;Ljava/lang/Object;)V+41
j  java.awt.EventQueue.access$000(Ljava/awt/EventQueue;Ljava/awt/AWTEvent;Ljava/lang/Object;)V+3
j  java.awt.EventQueue$1.run()Ljava/lang/Void;+12
j  java.awt.EventQueue$1.run()Ljava/lang/Object;+1
v  ~StubRoutines::call_stub
j  java.security.AccessController.doPrivileged(Ljava/security/PrivilegedAction;Ljava/security/AccessControlContext;)Ljava/lang/Object;+0
j  java.security.AccessControlContext$1.doIntersectionPrivilege(Ljava/security/PrivilegedAction;Ljava/security/AccessControlContext;Ljava/security/AccessControlContext;)Ljava/lang/Object;+28
j  java.security.AccessControlContext$1.doIntersectionPrivilege(Ljava/security/PrivilegedAction;Ljava/security/AccessControlContext;)Ljava/lang/Object;+6
j  java.awt.EventQueue$2.run()Ljava/lang/Void;+11
j  java.awt.EventQueue$2.run()Ljava/lang/Object;+1
v  ~StubRoutines::call_stub
j  java.security.AccessController.doPrivileged(Ljava/security/PrivilegedAction;Ljava/security/AccessControlContext;)Ljava/lang/Object;+0
j  java.security.AccessControlContext$1.doIntersectionPrivilege(Ljava/security/PrivilegedAction;Ljava/security/AccessControlContext;Ljava/security/AccessControlContext;)Ljava/lang/Object;+28
j  java.awt.EventQueue.dispatchEvent(Ljava/awt/AWTEvent;)V+73
j  org.netbeans.core.TimableEventQueue.dispatchEvent(Ljava/awt/AWTEvent;)V+17
j  java.awt.EventDispatchThread.pumpOneEventForFilters(I)Z+204
j  java.awt.EventDispatchThread.pumpEventsForFilter(ILjava/awt/Conditional;Ljava/awt/EventFilter;)V+30
j  java.awt.EventDispatchThread.pumpEventsForHierarchy(ILjava/awt/Conditional;Ljava/awt/Component;)V+11
j  java.awt.EventDispatchThread.pumpEvents(ILjava/awt/Conditional;)V+4
j  java.awt.EventDispatchThread.pumpEvents(Ljava/awt/Conditional;)V+3
j  java.awt.EventDispatchThread.run()V+9
v  ~StubRoutines::call_stub

---------------  P R O C E S S  ---------------

Java Threads: ( => current thread )
  0x086d0000 JavaThread "RequestProcessor queue manager" daemon [_thread_blocked, id=288, stack(0x069e0000,0x06be0000)]
  0x0a113400 JavaThread "Inactive RequestProcessor thread [Was:Timeable Event Queue Watch Dog/org.netbeans.core.TimableEventQueue]" daemon [_thread_blocked, id=2148, stack(0x06c70000,0x06e70000)]
=>0x083f6400 JavaThread "AWT-EventQueue-1" [_thread_in_vm, id=1616, stack(0x09200000,0x09400000)]
  0x06390c00 JavaThread "Swing-Shell" daemon [_thread_blocked, id=3336, stack(0x09a00000,0x09c00000)]
  0x06427400 JavaThread "db4o WeakReference collector" daemon [_thread_blocked, id=928, stack(0x0bf50000,0x0c150000)]
  0x0640f400 JavaThread "TimerQueue" daemon [_thread_blocked, id=1452, stack(0x07600000,0x07800000)]
  0x086d1c00 JavaThread "Thread-3" daemon [_thread_blocked, id=3096, stack(0x09600000,0x09800000)]
  0x08587400 JavaThread "File Watcher" daemon [_thread_blocked, id=2364, stack(0x09400000,0x09600000)]
  0x06533400 JavaThread "org.netbeans.modules.debugger.jpda.visual AWT Access Loop" daemon [_thread_blocked, id=2944, stack(0x07800000,0x07a00000)]
  0x062d6400 JavaThread "AWT-Windows" daemon [_thread_in_native, id=4024, stack(0x07400000,0x07600000)]
  0x063da400 JavaThread "AWT-Shutdown" [_thread_blocked, id=432, stack(0x07200000,0x07400000)]
  0x063bc800 JavaThread "Java2D Disposer" daemon [_thread_blocked, id=2972, stack(0x07000000,0x07200000)]
  0x062b3800 JavaThread "CLI Requests Server" daemon [_thread_in_native, id=2908, stack(0x067e0000,0x069e0000)]
  0x048f8000 JavaThread "Active Reference Queue Daemon" daemon [_thread_blocked, id=3220, stack(0x065e0000,0x067e0000)]
  0x04774400 JavaThread "Low Memory Detector" daemon [_thread_blocked, id=3400, stack(0x05dd0000,0x05fd0000)]
  0x04771800 JavaThread "C2 CompilerThread1" daemon [_thread_blocked, id=2084, stack(0x05bd0000,0x05dd0000)]
  0x04770000 JavaThread "C2 CompilerThread0" daemon [_thread_blocked, id=940, stack(0x059d0000,0x05bd0000)]
  0x04767c00 JavaThread "JDWP Command Reader" daemon [_thread_in_native, id=2812, stack(0x057d0000,0x059d0000)]
  0x04765c00 JavaThread "JDWP Event Helper Thread" daemon [_thread_blocked, id=2140, stack(0x055d0000,0x057d0000)]
  0x04763800 JavaThread "JDWP Transport Listener: dt_socket" daemon [_thread_blocked, id=2844, stack(0x053d0000,0x055d0000)]
  0x04757c00 JavaThread "Attach Listener" daemon [_thread_blocked, id=1852, stack(0x05130000,0x05330000)]
  0x04756800 JavaThread "Signal Dispatcher" daemon [_thread_blocked, id=3424, stack(0x04f30000,0x05130000)]
  0x00cb4800 JavaThread "Finalizer" daemon [_thread_blocked, id=2056, stack(0x04d30000,0x04f30000)]
  0x00cb0800 JavaThread "Reference Handler" daemon [_thread_blocked, id=3524, stack(0x04b30000,0x04d30000)]
  0x00c68000 JavaThread "main" [_thread_blocked, id=2548, stack(0x00030000,0x00230000)]

Other Threads:
  0x00caec00 VMThread [stack: 0x04930000,0x04b30000] [id=496]
  0x0477ec00 WatcherThread [stack: 0x05fd0000,0x061d0000] [id=3896]

VM state:not at safepoint (normal execution)

VM Mutex/Monitor currently owned by a thread: None

Heap
 PSYoungGen      total 81728K, used 54812K [0x28f20000, 0x2e390000, 0x33670000)
  eden space 77568K, 66% used [0x28f20000,0x2c16d048,0x2dae0000)
  from space 4160K, 79% used [0x2df20000,0x2e25a3b0,0x2e330000)
  to   space 4352K, 0% used [0x2dae0000,0x2dae0000,0x2df20000)
 PSOldGen        total 21376K, used 14563K [0x14070000, 0x15550000, 0x28f20000)
  object space 21376K, 68% used [0x14070000,0x14ea8d70,0x15550000)
 PSPermGen       total 28160K, used 28134K [0x10070000, 0x11bf0000, 0x14070000)
  object space 28160K, 99% used [0x10070000,0x11be9b10,0x11bf0000)

Code Cache  [0x01080000, 0x012c0000, 0x04080000)
 total_blobs=640 nmethods=420 adapters=181 free_code_cache=48706560 largest_free_block=15616

Dynamic libraries:
0x00400000 - 0x0042f000 	C:\Bobs Program Files\NetBeans 7.2\platform\lib\nbexec.exe
0x7c900000 - 0x7c9b2000 	C:\WINDOWS\system32\ntdll.dll
0x7c800000 - 0x7c8f6000 	C:\WINDOWS\system32\kernel32.dll
0x77dd0000 - 0x77e6b000 	C:\WINDOWS\system32\ADVAPI32.DLL
0x77e70000 - 0x77f03000 	C:\WINDOWS\system32\RPCRT4.dll
0x77fe0000 - 0x77ff1000 	C:\WINDOWS\system32\Secur32.dll
0x77c10000 - 0x77c68000 	C:\WINDOWS\system32\msvcrt.dll
0x7e410000 - 0x7e4a1000 	C:\WINDOWS\system32\USER32.dll
0x77f10000 - 0x77f59000 	C:\WINDOWS\system32\GDI32.dll
0x76390000 - 0x763ad000 	C:\WINDOWS\system32\IMM32.DLL
0x72500000 - 0x7259f000 	C:\Program Files\Print Audit Inc\Print Audit 6\Client\pa6wtrak.dll
0x73000000 - 0x73026000 	C:\WINDOWS\system32\WINSPOOL.DRV
0x77120000 - 0x771ab000 	C:\WINDOWS\system32\OLEAUT32.dll
0x774e0000 - 0x7761e000 	C:\WINDOWS\system32\ole32.dll
0x10000000 - 0x10065000 	C:\Bobs Program Files\NetBeans 7.2\platform\lib\nbexec.dll
0x6db90000 - 0x6dfe8000 	C:\Program Files\Java\jdk1.6.0_33\jre\bin\server\jvm.dll
0x76b40000 - 0x76b6d000 	C:\WINDOWS\system32\WINMM.dll
0x7c340000 - 0x7c396000 	C:\Program Files\Java\jdk1.6.0_33\jre\bin\MSVCR71.dll
0x6d7d0000 - 0x6d7f3000 	C:\Program Files\Java\jdk1.6.0_33\jre\bin\splashscreen.dll
0x6d870000 - 0x6d87c000 	C:\Program Files\Java\jdk1.6.0_33\jre\bin\verify.dll
0x6d3d0000 - 0x6d3ef000 	C:\Program Files\Java\jdk1.6.0_33\jre\bin\java.dll
0x6d420000 - 0x6d449000 	C:\Program Files\Java\jdk1.6.0_33\jre\bin\jdwp.dll
0x6d740000 - 0x6d746000 	C:\Program Files\Java\jdk1.6.0_33\jre\bin\npt.dll
0x5ad70000 - 0x5ada8000 	C:\WINDOWS\system32\uxtheme.dll
0x00f20000 - 0x00f2f000 	C:\Program Files\Print Audit Inc\Print Audit 6\Client\pa6hook.dll
0x74720000 - 0x7476c000 	C:\WINDOWS\system32\MSCTF.dll
0x755c0000 - 0x755ee000 	C:\WINDOWS\system32\msctfime.ime
0x605d0000 - 0x605d9000 	C:\WINDOWS\system32\mslbui.dll
0x6d8b0000 - 0x6d8bf000 	C:\Program Files\Java\jdk1.6.0_33\jre\bin\zip.dll
0x6d2b0000 - 0x6d2b7000 	C:\Program Files\Java\jdk1.6.0_33\jre\bin\dt_socket.dll
0x71ab0000 - 0x71ac7000 	C:\WINDOWS\system32\WS2_32.dll
0x71aa0000 - 0x71aa8000 	C:\WINDOWS\system32\WS2HELP.dll
0x71a50000 - 0x71a8f000 	C:\WINDOWS\System32\mswsock.dll
0x76f20000 - 0x76f47000 	C:\WINDOWS\system32\DNSAPI.dll
0x76d60000 - 0x76d79000 	C:\WINDOWS\system32\iphlpapi.dll
0x76fb0000 - 0x76fb8000 	C:\WINDOWS\System32\winrnr.dll
0x76f60000 - 0x76f8c000 	C:\WINDOWS\system32\WLDAP32.dll
0x76fc0000 - 0x76fc6000 	C:\WINDOWS\system32\rasadhlp.dll
0x662b0000 - 0x66308000 	C:\WINDOWS\system32\hnetcfg.dll
0x71a90000 - 0x71a98000 	C:\WINDOWS\System32\wshtcpip.dll
0x6d6b0000 - 0x6d6c3000 	C:\Program Files\Java\jdk1.6.0_33\jre\bin\net.dll
0x6d6d0000 - 0x6d6d9000 	C:\Program Files\Java\jdk1.6.0_33\jre\bin\nio.dll
0x76d40000 - 0x76d58000 	C:\WINDOWS\system32\MPRAPI.dll
0x77cc0000 - 0x77cf2000 	C:\WINDOWS\system32\ACTIVEDS.dll
0x76e10000 - 0x76e35000 	C:\WINDOWS\system32\adsldpc.dll
0x5b860000 - 0x5b8b5000 	C:\WINDOWS\system32\NETAPI32.dll
0x76b20000 - 0x76b31000 	C:\WINDOWS\system32\ATL.DLL
0x76e80000 - 0x76e8e000 	C:\WINDOWS\system32\rtutils.dll
0x71bf0000 - 0x71c03000 	C:\WINDOWS\system32\SAMLIB.dll
0x77920000 - 0x77a13000 	C:\WINDOWS\system32\SETUPAPI.dll
0x68000000 - 0x68036000 	C:\WINDOWS\system32\rsaenh.dll
0x769c0000 - 0x76a74000 	C:\WINDOWS\system32\USERENV.dll
0x6d0b0000 - 0x6d1fc000 	C:\Program Files\Java\jdk1.6.0_33\jre\bin\awt.dll
0x773d0000 - 0x774d3000 	C:\WINDOWS\WinSxS\x86_Microsoft.Windows.Common-Controls_6595b64144ccf1df_6.0.2600.6028_x-ww_61e65202\COMCTL32.dll
0x77f60000 - 0x77fd6000 	C:\WINDOWS\system32\SHLWAPI.dll
0x6d2e0000 - 0x6d32f000 	C:\Program Files\Java\jdk1.6.0_33\jre\bin\fontmanager.dll
0x00cd0000 - 0x00d42000 	C:\Bobs Program Files\NetBeans 7.2\platform\modules\lib\x86\jnidispatch-340.dll
0x76bf0000 - 0x76bfb000 	C:\WINDOWS\system32\PSAPI.DLL
0x7c9c0000 - 0x7d1d7000 	C:\WINDOWS\system32\shell32.dll
0x6d600000 - 0x6d609000 	C:\Program Files\Java\jdk1.6.0_33\jre\bin\management.dll
0x77b40000 - 0x77b62000 	C:\WINDOWS\system32\appHelp.dll
0x76fd0000 - 0x7704f000 	C:\WINDOWS\system32\CLBCATQ.DLL
0x77050000 - 0x77115000 	C:\WINDOWS\system32\COMRes.dll
0x77c00000 - 0x77c08000 	C:\WINDOWS\system32\VERSION.dll
0x00ea0000 - 0x00eb7000 	C:\Program Files\Common Files\TortoiseOverlays\TortoiseOverlays.dll
0x00fc0000 - 0x00fce000 	C:\Program Files\TortoiseSVN\bin\TortoiseStub.dll
0x09c00000 - 0x09cc8000 	C:\Program Files\TortoiseSVN\bin\TortoiseSVN.dll
0x76780000 - 0x76789000 	C:\WINDOWS\system32\SHFOLDER.dll
0x3d930000 - 0x3da16000 	C:\WINDOWS\system32\WININET.dll
0x01060000 - 0x01069000 	C:\WINDOWS\system32\Normaliz.dll
0x78130000 - 0x78263000 	C:\WINDOWS\system32\urlmon.dll
0x3dfd0000 - 0x3e1bc000 	C:\WINDOWS\system32\iertutil.dll
0x6eec0000 - 0x6eee2000 	C:\Program Files\TortoiseSVN\bin\libapr_tsvn.dll
0x78520000 - 0x785c3000 	C:\WINDOWS\WinSxS\x86_Microsoft.VC90.CRT_1fc8b3b9a1e18e3b_9.0.30729.6161_x-ww_31a54e43\MSVCR90.dll
0x6ee60000 - 0x6ee8f000 	C:\Program Files\TortoiseSVN\bin\libaprutil_tsvn.dll
0x09ce0000 - 0x09cf2000 	C:\Program Files\TortoiseSVN\bin\intl3_tsvn.dll
0x78480000 - 0x7850e000 	C:\WINDOWS\WinSxS\x86_Microsoft.VC90.CRT_1fc8b3b9a1e18e3b_9.0.30729.6161_x-ww_31a54e43\MSVCP90.dll
0x77a80000 - 0x77b15000 	C:\WINDOWS\system32\CRYPT32.dll
0x77b20000 - 0x77b32000 	C:\WINDOWS\system32\MSASN1.dll
0x77a20000 - 0x77a74000 	C:\WINDOWS\System32\cscui.dll
0x76600000 - 0x7661d000 	C:\WINDOWS\System32\CSCDLL.dll
0x0c550000 - 0x0c815000 	C:\WINDOWS\system32\xpsp2res.dll
0x0c820000 - 0x0c883000 	C:\Program Files\Common Files\Adobe\Acrobat\ActiveX\PDFShell.dll
0x71b20000 - 0x71b32000 	C:\WINDOWS\system32\MPR.dll
0x75f60000 - 0x75f67000 	C:\WINDOWS\System32\drprov.dll
0x71c10000 - 0x71c1e000 	C:\WINDOWS\System32\ntlanman.dll
0x71cd0000 - 0x71ce7000 	C:\WINDOWS\System32\NETUI0.dll
0x71c90000 - 0x71cd0000 	C:\WINDOWS\System32\NETUI1.dll
0x71c80000 - 0x71c87000 	C:\WINDOWS\System32\NETRAP.dll
0x75f70000 - 0x75f7a000 	C:\WINDOWS\System32\davclnt.dll
0x0c8a0000 - 0x0c91a000 	C:\WINDOWS\system32\Audiodev.dll
0x0c920000 - 0x0cb68000 	C:\WINDOWS\system32\WMVCore.DLL
0x0cb70000 - 0x0cbab000 	C:\WINDOWS\system32\WMASF.DLL
0x76c30000 - 0x76c5e000 	C:\WINDOWS\system32\WINTRUST.dll
0x76c90000 - 0x76cb8000 	C:\WINDOWS\system32\IMAGEHLP.dll
0x76980000 - 0x76988000 	C:\WINDOWS\system32\LINKINFO.dll
0x76990000 - 0x769b5000 	C:\WINDOWS\system32\ntshrui.dll

VM Arguments:
jvm_args: -Dnetbeans.logger.console=true -ea -Xdebug -Xrunjdwp:transport=dt_socket,suspend=y,server=n,address=localhost:1583 -Djdk.home=C:\Program Files\Java\jdk1.6.0_33 -splash:C:\Google Open Source Projects\trunk\ lreqpcr\build\testuserdir\var\cache\splash.png -Dnetbeans.home=C:\Bobs Program Files\NetBeans 7.2\platform -Dnetbeans.user=C:\Google Open Source Projects\trunk\ lreqpcr\build\testuserdir -Dnetbeans.default_userdir_root= -XX:+HeapDumpOnOutOfMemoryError -XX:HeapDumpPath=C:\Google Open Source Projects\trunk\ lreqpcr\build\testuserdir\var\log\heapdump.hprof -Dnetbeans.system_http_proxy=DIRECT -Dsun.awt.keepWorkingSetOnMinimize=true -Dnetbeans.dirs=C:\Google Open Source Projects\trunk\ lreqpcr\build\cluster;C:\Bobs Program Files\NetBeans 7.2\platform 
java_command: <unknown>
Launcher Type: generic

Environment Variables:
CLASSPATH=.;C:\Applied Biosystems\7500\eclipse\startup.jar;C:\Program Files\Java\jre6\lib\ext\QTJava.zip
PATH=C:\Bobs Program Files\Mendeley Desktop\wordPlugin;C:\Applied Biosystems\7500\bin;C:\Applied Biosystems\7500\eclipse;C:\Applied Biosystems\7500\eclipse\plugins\com.apldbio.sds.experiment.genotyping_1.0.0\bin;C:\Applied Biosystems\7500\eclipse\plugins\com.apldbio.sds.experiment.genotyping_1.0.0\bin\bin\win32;C:\WINDOWS\system32;C:\WINDOWS;C:\WINDOWS\System32\Wbem;C:\Program Files\TortoiseSVN\bin;C:\Bobs Program Files\AB 7900\lib\algorithm\bin\win32;C:\Bobs Program Files\AB 7900\lib;C:\Program Files\QuickTime\QTSystem\;C:\Documents and Settings\brutledg\My Documents\Mendeley Desktop\wordPlugin;C:\Bobs Program Files\Mendeley Desktop\wordPlugin;
USERNAME=brutledg
OS=Windows_NT
PROCESSOR_IDENTIFIER=x86 Family 6 Model 15 Stepping 11, GenuineIntel



---------------  S Y S T E M  ---------------

OS: Windows XP Build 2600 Service Pack 3

CPU:total 2 (2 cores per cpu, 1 threads per core) family 6 model 15 stepping 11, cmov, cx8, fxsr, mmx, sse, sse2, sse3, ssse3

Memory: 4k page, physical 2050280k(680212k free), swap 3986380k(2577108k free)

vm_info: Java HotSpot(TM) Server VM (20.8-b03) for windows-x86 JRE (1.6.0_33-b03), built on May  9 2012 09:36:03 by "java_re" with MS VC++ 7.1 (VS2003)

time: Thu Mar 21 11:53:35 2013
elapsed time: 714 seconds

